2025-04-20 10:58:21 | Form submitted
2025-04-20 10:58:21 | Name: Wan Muhammad Ikhwan 
2025-04-20 10:58:21 | Email: a193128@siswa.ukm.edu.my
2025-04-20 10:58:21 | Workshop ID: B003
2025-04-20 10:58:21 | Message: 123
2025-04-20 10:58:21 | Retrieved bengkel email: bengkel1@gmail.com
2025-04-20 10:58:21 | SMTP: SERVER -> CLIENT: 220 smtp.gmail.com ESMTP d9443c01a7336-22c50ed12absm44917865ad.207 - gsmtp

2025-04-20 10:58:21 | SMTP: CLIENT -> SERVER: EHLO localhost

2025-04-20 10:58:22 | SMTP: SERVER -> CLIENT: 250-smtp.gmail.com at your service, [103.219.236.6]
250-SIZE 35882577
250-8BITMIME
250-STARTTLS
250-ENHANCEDSTATUSCODES
250-PIPELINING
250 SMTPUTF8

2025-04-20 10:58:22 | SMTP: CLIENT -> SERVER: STARTTLS

2025-04-20 10:58:22 | SMTP: SERVER -> CLIENT: 220 2.0.0 Ready to start TLS

2025-04-20 10:58:22 | SMTP: SMTP Error: Could not connect to SMTP host. Connection failed. stream_socket_enable_crypto(): SSL operation failed with code 1. OpenSSL Error messages:
error:0A000086:SSL routines::certificate verify failed
2025-04-20 10:58:22 | SMTP: CLIENT -> SERVER: QUIT

2025-04-20 10:58:22 | SMTP: SERVER -> CLIENT: 
2025-04-20 10:58:22 | SMTP: SMTP ERROR: QUIT command failed: 
2025-04-20 10:58:22 | SMTP: SMTP Error: Could not connect to SMTP host. Connection failed. stream_socket_enable_crypto(): SSL operation failed with code 1. OpenSSL Error messages:
error:0A000086:SSL routines::certificate verify failed
2025-04-20 10:58:22 | PHPMailer error: SMTP Error: Could not connect to SMTP host. Connection failed. stream_socket_enable_crypto(): SSL operation failed with code 1. OpenSSL Error messages:
error:0A000086:SSL routines::certificate verify failed SMTP server error: QUIT command failed
2025-04-20 11:03:07 | Form submitted
2025-04-20 11:03:07 | Name: Wan Muhammad Ikhwan 
2025-04-20 11:03:07 | Email: a193128@siswa.ukm.edu.my
2025-04-20 11:03:07 | Workshop ID: B003
2025-04-20 11:03:07 | Message: 123
2025-04-20 11:03:07 | Retrieved bengkel email: bengkel1@gmail.com
2025-04-20 11:03:08 | SMTP: SERVER -> CLIENT: 220 smtp.gmail.com ESMTP d2e1a72fcca58-73dbfa595e4sm4419886b3a.88 - gsmtp

2025-04-20 11:03:08 | SMTP: CLIENT -> SERVER: EHLO localhost

2025-04-20 11:03:08 | SMTP: SERVER -> CLIENT: 250-smtp.gmail.com at your service, [103.219.236.6]
250-SIZE 35882577
250-8BITMIME
250-STARTTLS
250-ENHANCEDSTATUSCODES
250-PIPELINING
250 SMTPUTF8

2025-04-20 11:03:08 | SMTP: CLIENT -> SERVER: STARTTLS

2025-04-20 11:03:08 | SMTP: SERVER -> CLIENT: 220 2.0.0 Ready to start TLS

2025-04-20 11:03:08 | SMTP: SMTP Error: Could not connect to SMTP host. Connection failed. stream_socket_enable_crypto(): SSL operation failed with code 1. OpenSSL Error messages:
error:0A000086:SSL routines::certificate verify failed
2025-04-20 11:03:08 | SMTP: CLIENT -> SERVER: QUIT

2025-04-20 11:03:08 | SMTP: SERVER -> CLIENT: 
2025-04-20 11:03:08 | SMTP: SMTP ERROR: QUIT command failed: 
2025-04-20 11:03:08 | SMTP: SMTP Error: Could not connect to SMTP host. Connection failed. stream_socket_enable_crypto(): SSL operation failed with code 1. OpenSSL Error messages:
error:0A000086:SSL routines::certificate verify failed
2025-04-20 11:03:08 | PHPMailer error: SMTP Error: Could not connect to SMTP host. Connection failed. stream_socket_enable_crypto(): SSL operation failed with code 1. OpenSSL Error messages:
error:0A000086:SSL routines::certificate verify failed SMTP server error: QUIT command failed
2025-04-20 11:05:15 | Form submitted
2025-04-20 11:05:15 | Name: Wan Muhammad Ikhwan 
2025-04-20 11:05:15 | Email: a193128@siswa.ukm.edu.my
2025-04-20 11:05:15 | Workshop ID: B003
2025-04-20 11:05:15 | Message: 123
2025-04-20 11:05:15 | Retrieved bengkel email: bengkel1@gmail.com
2025-04-20 11:05:15 | SMTP: SERVER -> CLIENT: 220 smtp.gmail.com ESMTP d9443c01a7336-22c50ed2971sm44914615ad.210 - gsmtp

2025-04-20 11:05:15 | SMTP: CLIENT -> SERVER: EHLO localhost

2025-04-20 11:05:15 | SMTP: SERVER -> CLIENT: 250-smtp.gmail.com at your service, [103.219.236.6]
250-SIZE 35882577
250-8BITMIME
250-STARTTLS
250-ENHANCEDSTATUSCODES
250-PIPELINING
250 SMTPUTF8

2025-04-20 11:05:15 | SMTP: CLIENT -> SERVER: STARTTLS

2025-04-20 11:05:15 | SMTP: SERVER -> CLIENT: 220 2.0.0 Ready to start TLS

2025-04-20 11:05:16 | SMTP: SMTP Error: Could not connect to SMTP host. Connection failed. stream_socket_enable_crypto(): SSL operation failed with code 1. OpenSSL Error messages:
error:0A000086:SSL routines::certificate verify failed
2025-04-20 11:05:16 | SMTP: CLIENT -> SERVER: QUIT

2025-04-20 11:05:16 | SMTP: SERVER -> CLIENT: 
2025-04-20 11:05:16 | SMTP: SMTP ERROR: QUIT command failed: 
2025-04-20 11:05:16 | SMTP: SMTP Error: Could not connect to SMTP host. Connection failed. stream_socket_enable_crypto(): SSL operation failed with code 1. OpenSSL Error messages:
error:0A000086:SSL routines::certificate verify failed
2025-04-20 11:05:16 | PHPMailer error: SMTP Error: Could not connect to SMTP host. Connection failed. stream_socket_enable_crypto(): SSL operation failed with code 1. OpenSSL Error messages:
error:0A000086:SSL routines::certificate verify failed SMTP server error: QUIT command failed
2025-04-20 11:07:37 | Form submitted
2025-04-20 11:07:37 | Name: Wan Muhammad Ikhwan 
2025-04-20 11:07:37 | Email: a193128@siswa.ukm.edu.my
2025-04-20 11:07:37 | Workshop ID: B003
2025-04-20 11:07:37 | Message: 123
2025-04-20 11:07:37 | Retrieved bengkel email: bengkel1@gmail.com
2025-04-20 11:07:37 | SMTP: SMTP ERROR: Failed to connect to server:  (0)
2025-04-20 11:07:37 | SMTP: SMTP Error: Could not connect to SMTP host. Failed to connect to server
2025-04-20 11:07:37 | PHPMailer error: SMTP Error: Could not connect to SMTP host. Failed to connect to server SMTP server error: Failed to connect to server
2025-04-20 19:10:51 | Form submitted
2025-04-20 19:10:51 | Name: Wan Muhammad Ikhwan 
2025-04-20 19:10:51 | Email: a193128@siswa.ukm.edu.my
2025-04-20 19:10:51 | Workshop ID: B003
2025-04-20 19:10:51 | Message: 123
2025-04-20 19:10:51 | Retrieved bengkel email: bengkel1@gmail.com
2025-04-20 19:10:51 | SMTP: SERVER -> CLIENT: 220 smtp.gmail.com ESMTP 41be03b00d2f7-b0db1590cb1sm4253990a12.78 - gsmtp

2025-04-20 19:10:51 | SMTP: CLIENT -> SERVER: EHLO localhost

2025-04-20 19:10:51 | SMTP: SERVER -> CLIENT: 250-smtp.gmail.com at your service, [103.219.236.6]
250-SIZE 35882577
250-8BITMIME
250-STARTTLS
250-ENHANCEDSTATUSCODES
250-PIPELINING
250-CHUNKING
250 SMTPUTF8

2025-04-20 19:10:51 | SMTP: CLIENT -> SERVER: STARTTLS

2025-04-20 19:10:52 | SMTP: SERVER -> CLIENT: 220 2.0.0 Ready to start TLS

2025-04-20 19:10:52 | SMTP: CLIENT -> SERVER: EHLO localhost

2025-04-20 19:10:52 | SMTP: SERVER -> CLIENT: 250-smtp.gmail.com at your service, [103.219.236.6]
250-SIZE 35882577
250-8BITMIME
250-AUTH LOGIN PLAIN XOAUTH2 PLAIN-CLIENTTOKEN OAUTHBEARER XOAUTH
250-ENHANCEDSTATUSCODES
250-PIPELINING
250-CHUNKING
250 SMTPUTF8

2025-04-20 19:10:52 | SMTP: CLIENT -> SERVER: AUTH LOGIN

2025-04-20 19:10:52 | SMTP: SERVER -> CLIENT: 334 VXNlcm5hbWU6

2025-04-20 19:10:52 | SMTP: CLIENT -> SERVER: [credentials hidden]
2025-04-20 19:10:52 | SMTP: SERVER -> CLIENT: 334 UGFzc3dvcmQ6

2025-04-20 19:10:52 | SMTP: CLIENT -> SERVER: [credentials hidden]
2025-04-20 19:10:53 | SMTP: SERVER -> CLIENT: 235 2.7.0 Accepted

2025-04-20 19:10:53 | SMTP: CLIENT -> SERVER: MAIL FROM:<amirith27@gmail.com>

2025-04-20 19:10:53 | SMTP: SERVER -> CLIENT: 250 2.1.0 OK 41be03b00d2f7-b0db1590cb1sm4253990a12.78 - gsmtp

2025-04-20 19:10:53 | SMTP: CLIENT -> SERVER: RCPT TO:<bengkel1@gmail.com>

2025-04-20 19:10:53 | SMTP: SERVER -> CLIENT: 250 2.1.5 OK 41be03b00d2f7-b0db1590cb1sm4253990a12.78 - gsmtp

2025-04-20 19:10:53 | SMTP: CLIENT -> SERVER: DATA

2025-04-20 19:10:53 | SMTP: SERVER -> CLIENT: 354 Go ahead 41be03b00d2f7-b0db1590cb1sm4253990a12.78 - gsmtp

2025-04-20 19:10:53 | SMTP: CLIENT -> SERVER: Date: Sun, 20 Apr 2025 19:10:51 +0200

2025-04-20 19:10:53 | SMTP: CLIENT -> SERVER: To: bengkel1@gmail.com

2025-04-20 19:10:53 | SMTP: CLIENT -> SERVER: From: Customer Service Servis-X <amirith27@gmail.com>

2025-04-20 19:10:53 | SMTP: CLIENT -> SERVER: Reply-To: Wan Muhammad Ikhwan <a193128@siswa.ukm.edu.my>

2025-04-20 19:10:53 | SMTP: CLIENT -> SERVER: Subject: Pertanyaan dari Pelanggan: Wan Muhammad Ikhwan

2025-04-20 19:10:53 | SMTP: CLIENT -> SERVER: Message-ID: <T9jKNgp0jaY0B9ZKbRpey00gCEmnb46nknTNCVCodjY@localhost>

2025-04-20 19:10:53 | SMTP: CLIENT -> SERVER: X-Mailer: PHPMailer 6.9.3 (https://github.com/PHPMailer/PHPMailer)

2025-04-20 19:10:53 | SMTP: CLIENT -> SERVER: MIME-Version: 1.0

2025-04-20 19:10:53 | SMTP: CLIENT -> SERVER: Content-Type: text/plain; charset=iso-8859-1

2025-04-20 19:10:53 | SMTP: CLIENT -> SERVER: 

2025-04-20 19:10:53 | SMTP: CLIENT -> SERVER: Nama: Wan Muhammad Ikhwan 

2025-04-20 19:10:53 | SMTP: CLIENT -> SERVER: Emel Pelanggan: a193128@siswa.ukm.edu.my

2025-04-20 19:10:53 | SMTP: CLIENT -> SERVER: 

2025-04-20 19:10:53 | SMTP: CLIENT -> SERVER: Mesej:

2025-04-20 19:10:53 | SMTP: CLIENT -> SERVER: 123

2025-04-20 19:10:53 | SMTP: CLIENT -> SERVER: 

2025-04-20 19:10:53 | SMTP: CLIENT -> SERVER: .

2025-04-20 19:10:54 | SMTP: SERVER -> CLIENT: 250 2.0.0 OK  1745169054 41be03b00d2f7-b0db1590cb1sm4253990a12.78 - gsmtp

2025-04-20 19:10:54 | SMTP: CLIENT -> SERVER: QUIT

2025-04-20 19:10:54 | SMTP: SERVER -> CLIENT: 221 2.0.0 closing connection 41be03b00d2f7-b0db1590cb1sm4253990a12.78 - gsmtp

2025-04-20 19:10:54 | Email sent successfully
2025-04-25 04:54:53 | Form submitted
2025-04-25 04:54:53 | Name: Wan Muhammad Ikhwan 
2025-04-25 04:54:53 | Email: a193128@siswa.ukm.edu.my
2025-04-25 04:54:53 | Workshop ID: B003
2025-04-25 04:54:53 | Message: tEST
2025-04-25 04:54:53 | Retrieved bengkel email: bengkel1@gmail.com
2025-04-25 04:54:54 | SMTP: SERVER -> CLIENT: 220 smtp.gmail.com ESMTP d9443c01a7336-22db50e7cfdsm21369725ad.153 - gsmtp

2025-04-25 04:54:54 | SMTP: CLIENT -> SERVER: EHLO localhost

2025-04-25 04:54:54 | SMTP: SERVER -> CLIENT: 250-smtp.gmail.com at your service, [103.219.236.5]
250-SIZE 35882577
250-8BITMIME
250-STARTTLS
250-ENHANCEDSTATUSCODES
250-PIPELINING
250-CHUNKING
250 SMTPUTF8

2025-04-25 04:54:54 | SMTP: CLIENT -> SERVER: STARTTLS

2025-04-25 04:54:54 | SMTP: SERVER -> CLIENT: 220 2.0.0 Ready to start TLS

2025-04-25 04:54:54 | SMTP: CLIENT -> SERVER: EHLO localhost

2025-04-25 04:54:54 | SMTP: SERVER -> CLIENT: 250-smtp.gmail.com at your service, [103.219.236.5]
250-SIZE 35882577
250-8BITMIME
250-AUTH LOGIN PLAIN XOAUTH2 PLAIN-CLIENTTOKEN OAUTHBEARER XOAUTH
250-ENHANCEDSTATUSCODES
250-PIPELINING
250-CHUNKING
250 SMTPUTF8

2025-04-25 04:54:54 | SMTP: CLIENT -> SERVER: AUTH LOGIN

2025-04-25 04:54:54 | SMTP: SERVER -> CLIENT: 334 VXNlcm5hbWU6

2025-04-25 04:54:54 | SMTP: CLIENT -> SERVER: [credentials hidden]
2025-04-25 04:54:55 | SMTP: SERVER -> CLIENT: 334 UGFzc3dvcmQ6

2025-04-25 04:54:55 | SMTP: CLIENT -> SERVER: [credentials hidden]
2025-04-25 04:54:55 | SMTP: SERVER -> CLIENT: 235 2.7.0 Accepted

2025-04-25 04:54:55 | SMTP: CLIENT -> SERVER: MAIL FROM:<amirith27@gmail.com>

2025-04-25 04:54:55 | SMTP: SERVER -> CLIENT: 250 2.1.0 OK d9443c01a7336-22db50e7cfdsm21369725ad.153 - gsmtp

2025-04-25 04:54:55 | SMTP: CLIENT -> SERVER: RCPT TO:<bengkel1@gmail.com>

2025-04-25 04:54:55 | SMTP: SERVER -> CLIENT: 250 2.1.5 OK d9443c01a7336-22db50e7cfdsm21369725ad.153 - gsmtp

2025-04-25 04:54:55 | SMTP: CLIENT -> SERVER: DATA

2025-04-25 04:54:56 | SMTP: SERVER -> CLIENT: 354 Go ahead d9443c01a7336-22db50e7cfdsm21369725ad.153 - gsmtp

2025-04-25 04:54:56 | SMTP: CLIENT -> SERVER: Date: Fri, 25 Apr 2025 04:54:53 +0200

2025-04-25 04:54:56 | SMTP: CLIENT -> SERVER: To: bengkel1@gmail.com

2025-04-25 04:54:56 | SMTP: CLIENT -> SERVER: From: Customer Service Servis-X <amirith27@gmail.com>

2025-04-25 04:54:56 | SMTP: CLIENT -> SERVER: Reply-To: Wan Muhammad Ikhwan <a193128@siswa.ukm.edu.my>

2025-04-25 04:54:56 | SMTP: CLIENT -> SERVER: Subject: Pertanyaan dari Pelanggan: Wan Muhammad Ikhwan

2025-04-25 04:54:56 | SMTP: CLIENT -> SERVER: Message-ID: <pn6aJKX3BS6a4tOBdKgS3EB3Fo9fK8wjIOD0ztYdM@localhost>

2025-04-25 04:54:56 | SMTP: CLIENT -> SERVER: X-Mailer: PHPMailer 6.9.3 (https://github.com/PHPMailer/PHPMailer)

2025-04-25 04:54:56 | SMTP: CLIENT -> SERVER: MIME-Version: 1.0

2025-04-25 04:54:56 | SMTP: CLIENT -> SERVER: Content-Type: text/plain; charset=iso-8859-1

2025-04-25 04:54:56 | SMTP: CLIENT -> SERVER: 

2025-04-25 04:54:56 | SMTP: CLIENT -> SERVER: Nama: Wan Muhammad Ikhwan 

2025-04-25 04:54:56 | SMTP: CLIENT -> SERVER: Emel Pelanggan: a193128@siswa.ukm.edu.my

2025-04-25 04:54:56 | SMTP: CLIENT -> SERVER: 

2025-04-25 04:54:56 | SMTP: CLIENT -> SERVER: Mesej:

2025-04-25 04:54:56 | SMTP: CLIENT -> SERVER: tEST

2025-04-25 04:54:56 | SMTP: CLIENT -> SERVER: 

2025-04-25 04:54:56 | SMTP: CLIENT -> SERVER: .

2025-04-25 04:54:57 | SMTP: SERVER -> CLIENT: 250 2.0.0 OK  1745549696 d9443c01a7336-22db50e7cfdsm21369725ad.153 - gsmtp

2025-04-25 04:54:57 | SMTP: CLIENT -> SERVER: QUIT

2025-04-25 04:54:57 | SMTP: SERVER -> CLIENT: 221 2.0.0 closing connection d9443c01a7336-22db50e7cfdsm21369725ad.153 - gsmtp

2025-04-25 04:54:57 | Email sent successfully
2025-05-05 15:06:35 | Booking email to: a193128@siswa.ukm.edu.my & bengkel1@gmail.com
2025-05-05 15:06:36 | SMTP: SERVER -> CLIENT: 220 smtp.gmail.com ESMTP 41be03b00d2f7-b1fb3b81235sm4508629a12.46 - gsmtp

2025-05-05 15:06:36 | SMTP: CLIENT -> SERVER: EHLO localhost

2025-05-05 15:06:36 | SMTP: SERVER -> CLIENT: 250-smtp.gmail.com at your service, [103.219.236.22]
250-SIZE 35882577
250-8BITMIME
250-STARTTLS
250-ENHANCEDSTATUSCODES
250-PIPELINING
250 SMTPUTF8

2025-05-05 15:06:36 | SMTP: CLIENT -> SERVER: STARTTLS

2025-05-05 15:06:36 | SMTP: SERVER -> CLIENT: 220 2.0.0 Ready to start TLS

2025-05-05 15:06:36 | SMTP: SMTP Error: Could not connect to SMTP host. Connection failed. stream_socket_enable_crypto(): SSL operation failed with code 1. OpenSSL Error messages:
error:0A000086:SSL routines::certificate verify failed
2025-05-05 15:06:36 | SMTP: CLIENT -> SERVER: QUIT

2025-05-05 15:06:36 | SMTP: SERVER -> CLIENT: 
2025-05-05 15:06:36 | SMTP: SMTP ERROR: QUIT command failed: 
2025-05-05 15:06:36 | SMTP: SMTP Error: Could not connect to SMTP host. Connection failed. stream_socket_enable_crypto(): SSL operation failed with code 1. OpenSSL Error messages:
error:0A000086:SSL routines::certificate verify failed
2025-05-05 15:06:36 | PHPMailer error: SMTP Error: Could not connect to SMTP host. Connection failed. stream_socket_enable_crypto(): SSL operation failed with code 1. OpenSSL Error messages:
error:0A000086:SSL routines::certificate verify failedSMTP server error: QUIT command failed
2025-05-05 15:06:59 | Form submitted
2025-05-05 15:06:59 | Name: Wan Muhammad Ikhwan 
2025-05-05 15:06:59 | Email: a193128@siswa.ukm.edu.my
2025-05-05 15:06:59 | Workshop ID: B003
2025-05-05 15:06:59 | Message: test
2025-05-05 15:06:59 | Retrieved bengkel email: bengkel1@gmail.com
2025-05-05 15:06:59 | SMTP: SERVER -> CLIENT: 220 smtp.gmail.com ESMTP d9443c01a7336-22e1522911bsm53603305ad.191 - gsmtp

2025-05-05 15:06:59 | SMTP: CLIENT -> SERVER: EHLO localhost

2025-05-05 15:06:59 | SMTP: SERVER -> CLIENT: 250-smtp.gmail.com at your service, [103.219.236.22]
250-SIZE 35882577
250-8BITMIME
250-STARTTLS
250-ENHANCEDSTATUSCODES
250-PIPELINING
250 SMTPUTF8

2025-05-05 15:06:59 | SMTP: CLIENT -> SERVER: STARTTLS

2025-05-05 15:07:00 | SMTP: SERVER -> CLIENT: 220 2.0.0 Ready to start TLS

2025-05-05 15:07:00 | SMTP: SMTP Error: Could not connect to SMTP host. Connection failed. stream_socket_enable_crypto(): SSL operation failed with code 1. OpenSSL Error messages:
error:0A000086:SSL routines::certificate verify failed
2025-05-05 15:07:00 | SMTP: CLIENT -> SERVER: QUIT

2025-05-05 15:07:00 | SMTP: SERVER -> CLIENT: 
2025-05-05 15:07:00 | SMTP: SMTP ERROR: QUIT command failed: 
2025-05-05 15:07:00 | SMTP: SMTP Error: Could not connect to SMTP host. Connection failed. stream_socket_enable_crypto(): SSL operation failed with code 1. OpenSSL Error messages:
error:0A000086:SSL routines::certificate verify failed
2025-05-05 15:07:00 | PHPMailer error: SMTP Error: Could not connect to SMTP host. Connection failed. stream_socket_enable_crypto(): SSL operation failed with code 1. OpenSSL Error messages:
error:0A000086:SSL routines::certificate verify failedSMTP server error: QUIT command failed
2025-05-05 15:09:57 | Form submitted
2025-05-05 15:09:57 | Name: Wan Muhammad Ikhwan 
2025-05-05 15:09:57 | Email: a193128@siswa.ukm.edu.my
2025-05-05 15:09:57 | Workshop ID: B003
2025-05-05 15:09:57 | Message: test
2025-05-05 15:09:57 | Retrieved bengkel email: bengkel1@gmail.com
2025-05-05 15:09:57 | SMTP: SERVER -> CLIENT: 220 smtp.gmail.com ESMTP d9443c01a7336-22e15228ff2sm53893525ad.180 - gsmtp

2025-05-05 15:09:57 | SMTP: CLIENT -> SERVER: EHLO localhost

2025-05-05 15:09:57 | SMTP: SERVER -> CLIENT: 250-smtp.gmail.com at your service, [103.219.236.22]
250-SIZE 35882577
250-8BITMIME
250-STARTTLS
250-ENHANCEDSTATUSCODES
250-PIPELINING
250 SMTPUTF8

2025-05-05 15:09:57 | SMTP: CLIENT -> SERVER: STARTTLS

2025-05-05 15:09:57 | SMTP: SERVER -> CLIENT: 220 2.0.0 Ready to start TLS

2025-05-05 15:09:57 | SMTP: SMTP Error: Could not connect to SMTP host. Connection failed. stream_socket_enable_crypto(): SSL operation failed with code 1. OpenSSL Error messages:
error:0A000086:SSL routines::certificate verify failed
2025-05-05 15:09:57 | SMTP: CLIENT -> SERVER: QUIT

2025-05-05 15:09:57 | SMTP: SERVER -> CLIENT: 
2025-05-05 15:09:57 | SMTP: SMTP ERROR: QUIT command failed: 
2025-05-05 15:09:57 | SMTP: SMTP Error: Could not connect to SMTP host. Connection failed. stream_socket_enable_crypto(): SSL operation failed with code 1. OpenSSL Error messages:
error:0A000086:SSL routines::certificate verify failed
2025-05-05 15:09:57 | PHPMailer error: SMTP Error: Could not connect to SMTP host. Connection failed. stream_socket_enable_crypto(): SSL operation failed with code 1. OpenSSL Error messages:
error:0A000086:SSL routines::certificate verify failedSMTP server error: QUIT command failed
2025-05-05 15:11:02 | Form submitted
2025-05-05 15:11:02 | Name: Wan Muhammad Ikhwan 
2025-05-05 15:11:02 | Email: a193128@siswa.ukm.edu.my
2025-05-05 15:11:02 | Workshop ID: B003
2025-05-05 15:11:02 | Message: test
2025-05-05 15:11:02 | Retrieved bengkel email: bengkel1@gmail.com
2025-05-05 15:11:02 | SMTP: SERVER -> CLIENT: 220 smtp.gmail.com ESMTP d9443c01a7336-22e1521fe34sm53815915ad.155 - gsmtp

2025-05-05 15:11:02 | SMTP: CLIENT -> SERVER: EHLO localhost

2025-05-05 15:11:02 | SMTP: SERVER -> CLIENT: 250-smtp.gmail.com at your service, [103.219.236.22]
250-SIZE 35882577
250-8BITMIME
250-STARTTLS
250-ENHANCEDSTATUSCODES
250-PIPELINING
250 SMTPUTF8

2025-05-05 15:11:02 | SMTP: CLIENT -> SERVER: STARTTLS

2025-05-05 15:11:02 | SMTP: SERVER -> CLIENT: 220 2.0.0 Ready to start TLS

2025-05-05 15:11:02 | SMTP: SMTP Error: Could not connect to SMTP host. Connection failed. stream_socket_enable_crypto(): SSL operation failed with code 1. OpenSSL Error messages:
error:0A000086:SSL routines::certificate verify failed
2025-05-05 15:11:02 | SMTP: CLIENT -> SERVER: QUIT

2025-05-05 15:11:02 | SMTP: SERVER -> CLIENT: 
2025-05-05 15:11:02 | SMTP: SMTP ERROR: QUIT command failed: 
2025-05-05 15:11:02 | SMTP: SMTP Error: Could not connect to SMTP host. Connection failed. stream_socket_enable_crypto(): SSL operation failed with code 1. OpenSSL Error messages:
error:0A000086:SSL routines::certificate verify failed
2025-05-05 15:11:02 | PHPMailer error: SMTP Error: Could not connect to SMTP host. Connection failed. stream_socket_enable_crypto(): SSL operation failed with code 1. OpenSSL Error messages:
error:0A000086:SSL routines::certificate verify failedSMTP server error: QUIT command failed
2025-05-05 15:15:46 | Form submitted
2025-05-05 15:15:46 | Name: Wan Muhammad Ikhwan 
2025-05-05 15:15:46 | Email: a193128@siswa.ukm.edu.my
2025-05-05 15:15:46 | Workshop ID: B003
2025-05-05 15:15:46 | Message: kl

2025-05-05 15:15:46 | Retrieved bengkel email: bengkel1@gmail.com
2025-05-05 15:15:46 | SMTP: SERVER -> CLIENT: 220 smtp.gmail.com ESMTP d2e1a72fcca58-74058dbb939sm6933983b3a.61 - gsmtp

2025-05-05 15:15:46 | SMTP: CLIENT -> SERVER: EHLO localhost

2025-05-05 15:15:47 | SMTP: SERVER -> CLIENT: 250-smtp.gmail.com at your service, [103.219.236.22]
250-SIZE 35882577
250-8BITMIME
250-STARTTLS
250-ENHANCEDSTATUSCODES
250-PIPELINING
250 SMTPUTF8

2025-05-05 15:15:47 | SMTP: CLIENT -> SERVER: STARTTLS

2025-05-05 15:15:47 | SMTP: SERVER -> CLIENT: 220 2.0.0 Ready to start TLS

2025-05-05 15:15:47 | SMTP: SMTP Error: Could not connect to SMTP host. Connection failed. stream_socket_enable_crypto(): SSL operation failed with code 1. OpenSSL Error messages:
error:0A000086:SSL routines::certificate verify failed
2025-05-05 15:15:47 | SMTP: CLIENT -> SERVER: QUIT

2025-05-05 15:15:47 | SMTP: SERVER -> CLIENT: 
2025-05-05 15:15:47 | SMTP: SMTP ERROR: QUIT command failed: 
2025-05-05 15:15:47 | SMTP: SMTP Error: Could not connect to SMTP host. Connection failed. stream_socket_enable_crypto(): SSL operation failed with code 1. OpenSSL Error messages:
error:0A000086:SSL routines::certificate verify failed
2025-05-05 15:15:47 | PHPMailer error: SMTP Error: Could not connect to SMTP host. Connection failed. stream_socket_enable_crypto(): SSL operation failed with code 1. OpenSSL Error messages:
error:0A000086:SSL routines::certificate verify failedSMTP server error: QUIT command failed
2025-05-05 15:24:01 | Form submitted
2025-05-05 15:24:01 | Name: Wan Muhammad Ikhwan 
2025-05-05 15:24:01 | Email: a193128@siswa.ukm.edu.my
2025-05-05 15:24:01 | Workshop ID: B003
2025-05-05 15:24:01 | Message: 123
2025-05-05 15:24:01 | Retrieved bengkel email: bengkel1@gmail.com
2025-05-05 15:24:02 | SMTP: SERVER -> CLIENT: 220 smtp.gmail.com ESMTP d9443c01a7336-22e1522f062sm54006145ad.213 - gsmtp

2025-05-05 15:24:02 | SMTP: CLIENT -> SERVER: EHLO localhost

2025-05-05 15:24:02 | SMTP: SERVER -> CLIENT: 250-smtp.gmail.com at your service, [103.219.236.22]
250-SIZE 35882577
250-8BITMIME
250-STARTTLS
250-ENHANCEDSTATUSCODES
250-PIPELINING
250 SMTPUTF8

2025-05-05 15:24:02 | SMTP: CLIENT -> SERVER: STARTTLS

2025-05-05 15:24:02 | SMTP: SERVER -> CLIENT: 220 2.0.0 Ready to start TLS

2025-05-05 15:24:03 | SMTP: SMTP Error: Could not connect to SMTP host. Connection failed. stream_socket_enable_crypto(): SSL operation failed with code 1. OpenSSL Error messages:
error:0A000086:SSL routines::certificate verify failed
2025-05-05 15:24:03 | SMTP: CLIENT -> SERVER: QUIT

2025-05-05 15:24:03 | SMTP: SERVER -> CLIENT: 
2025-05-05 15:24:03 | SMTP: SMTP ERROR: QUIT command failed: 
2025-05-05 15:24:03 | SMTP: SMTP Error: Could not connect to SMTP host. Connection failed. stream_socket_enable_crypto(): SSL operation failed with code 1. OpenSSL Error messages:
error:0A000086:SSL routines::certificate verify failed
2025-05-05 15:24:03 | PHPMailer error: SMTP Error: Could not connect to SMTP host. Connection failed. stream_socket_enable_crypto(): SSL operation failed with code 1. OpenSSL Error messages:
error:0A000086:SSL routines::certificate verify failedSMTP server error: QUIT command failed
2025-05-05 15:26:01 | Form submitted
2025-05-05 15:26:01 | Name: Wan Muhammad Ikhwan 
2025-05-05 15:26:01 | Email: a193128@siswa.ukm.edu.my
2025-05-05 15:26:01 | Workshop ID: B003
2025-05-05 15:26:01 | Message: 123
2025-05-05 15:26:01 | Retrieved bengkel email: bengkel1@gmail.com
2025-05-05 15:26:01 | SMTP: SERVER -> CLIENT: 220 smtp.gmail.com ESMTP d9443c01a7336-22e152291eesm54073335ad.192 - gsmtp

2025-05-05 15:26:01 | SMTP: CLIENT -> SERVER: EHLO localhost

2025-05-05 15:26:01 | SMTP: SERVER -> CLIENT: 250-smtp.gmail.com at your service, [103.219.236.22]
250-SIZE 35882577
250-8BITMIME
250-STARTTLS
250-ENHANCEDSTATUSCODES
250-PIPELINING
250-CHUNKING
250 SMTPUTF8

2025-05-05 15:26:01 | SMTP: CLIENT -> SERVER: STARTTLS

2025-05-05 15:26:01 | SMTP: SERVER -> CLIENT: 220 2.0.0 Ready to start TLS

2025-05-05 15:26:02 | SMTP: CLIENT -> SERVER: EHLO localhost

2025-05-05 15:26:02 | SMTP: SERVER -> CLIENT: 250-smtp.gmail.com at your service, [103.219.236.22]
250-SIZE 35882577
250-8BITMIME
250-AUTH LOGIN PLAIN XOAUTH2 PLAIN-CLIENTTOKEN OAUTHBEARER XOAUTH
250-ENHANCEDSTATUSCODES
250-PIPELINING
250-CHUNKING
250 SMTPUTF8

2025-05-05 15:26:02 | SMTP: CLIENT -> SERVER: AUTH LOGIN

2025-05-05 15:26:02 | SMTP: SERVER -> CLIENT: 334 VXNlcm5hbWU6

2025-05-05 15:26:02 | SMTP: CLIENT -> SERVER: [credentials hidden]
2025-05-05 15:26:02 | SMTP: SERVER -> CLIENT: 334 UGFzc3dvcmQ6

2025-05-05 15:26:02 | SMTP: CLIENT -> SERVER: [credentials hidden]
2025-05-05 15:26:03 | SMTP: SERVER -> CLIENT: 235 2.7.0 Accepted

2025-05-05 15:26:03 | SMTP: CLIENT -> SERVER: MAIL FROM:<amirith27@gmail.com>

2025-05-05 15:26:03 | SMTP: SERVER -> CLIENT: 250 2.1.0 OK d9443c01a7336-22e152291eesm54073335ad.192 - gsmtp

2025-05-05 15:26:03 | SMTP: CLIENT -> SERVER: RCPT TO:<bengkel1@gmail.com>

2025-05-05 15:26:03 | SMTP: SERVER -> CLIENT: 250 2.1.5 OK d9443c01a7336-22e152291eesm54073335ad.192 - gsmtp

2025-05-05 15:26:03 | SMTP: CLIENT -> SERVER: DATA

2025-05-05 15:26:03 | SMTP: SERVER -> CLIENT: 354 Go ahead d9443c01a7336-22e152291eesm54073335ad.192 - gsmtp

2025-05-05 15:26:03 | SMTP: CLIENT -> SERVER: Date: Mon, 5 May 2025 15:26:01 +0200

2025-05-05 15:26:03 | SMTP: CLIENT -> SERVER: To: bengkel1@gmail.com

2025-05-05 15:26:03 | SMTP: CLIENT -> SERVER: From: Customer Service Servis-X <amirith27@gmail.com>

2025-05-05 15:26:03 | SMTP: CLIENT -> SERVER: Reply-To: Wan Muhammad Ikhwan <a193128@siswa.ukm.edu.my>

2025-05-05 15:26:03 | SMTP: CLIENT -> SERVER: Subject: Pertanyaan dari Pelanggan: Wan Muhammad Ikhwan

2025-05-05 15:26:03 | SMTP: CLIENT -> SERVER: Message-ID: <4kWYTeFDVkXkbQgdv3H475wjjMew17LqB8rKUH2srQ@localhost>

2025-05-05 15:26:03 | SMTP: CLIENT -> SERVER: X-Mailer: PHPMailer 6.9.3 (https://github.com/PHPMailer/PHPMailer)

2025-05-05 15:26:03 | SMTP: CLIENT -> SERVER: MIME-Version: 1.0

2025-05-05 15:26:03 | SMTP: CLIENT -> SERVER: Content-Type: text/plain; charset=iso-8859-1

2025-05-05 15:26:03 | SMTP: CLIENT -> SERVER: 

2025-05-05 15:26:03 | SMTP: CLIENT -> SERVER: Nama: Wan Muhammad Ikhwan 

2025-05-05 15:26:03 | SMTP: CLIENT -> SERVER: Emel Pelanggan: a193128@siswa.ukm.edu.my

2025-05-05 15:26:03 | SMTP: CLIENT -> SERVER: 

2025-05-05 15:26:03 | SMTP: CLIENT -> SERVER: Mesej:

2025-05-05 15:26:03 | SMTP: CLIENT -> SERVER: 123

2025-05-05 15:26:03 | SMTP: CLIENT -> SERVER: 

2025-05-05 15:26:03 | SMTP: CLIENT -> SERVER: .

2025-05-05 15:26:04 | SMTP: SERVER -> CLIENT: 250 2.0.0 OK  1746451564 d9443c01a7336-22e152291eesm54073335ad.192 - gsmtp

2025-05-05 15:26:04 | SMTP: CLIENT -> SERVER: QUIT

2025-05-05 15:26:04 | SMTP: SERVER -> CLIENT: 221 2.0.0 closing connection d9443c01a7336-22e152291eesm54073335ad.192 - gsmtp

2025-05-05 15:26:04 | Email sent successfully
2025-05-05 15:26:53 | Booking email to: a193128@siswa.ukm.edu.my & bengkel1@gmail.com
2025-05-05 15:26:54 | SMTP: SERVER -> CLIENT: 220 smtp.gmail.com ESMTP 41be03b00d2f7-b1fb3c6b6d8sm5487510a12.69 - gsmtp

2025-05-05 15:26:54 | SMTP: CLIENT -> SERVER: EHLO localhost

2025-05-05 15:26:54 | SMTP: SERVER -> CLIENT: 250-smtp.gmail.com at your service, [103.219.236.22]
250-SIZE 35882577
250-8BITMIME
250-STARTTLS
250-ENHANCEDSTATUSCODES
250-PIPELINING
250-CHUNKING
250 SMTPUTF8

2025-05-05 15:26:54 | SMTP: CLIENT -> SERVER: STARTTLS

2025-05-05 15:26:54 | SMTP: SERVER -> CLIENT: 220 2.0.0 Ready to start TLS

2025-05-05 15:26:54 | SMTP: CLIENT -> SERVER: EHLO localhost

2025-05-05 15:26:55 | SMTP: SERVER -> CLIENT: 250-smtp.gmail.com at your service, [103.219.236.22]
250-SIZE 35882577
250-8BITMIME
250-AUTH LOGIN PLAIN XOAUTH2 PLAIN-CLIENTTOKEN OAUTHBEARER XOAUTH
250-ENHANCEDSTATUSCODES
250-PIPELINING
250-CHUNKING
250 SMTPUTF8

2025-05-05 15:26:55 | SMTP: CLIENT -> SERVER: AUTH LOGIN

2025-05-05 15:26:55 | SMTP: SERVER -> CLIENT: 334 VXNlcm5hbWU6

2025-05-05 15:26:55 | SMTP: CLIENT -> SERVER: [credentials hidden]
2025-05-05 15:26:55 | SMTP: SERVER -> CLIENT: 334 UGFzc3dvcmQ6

2025-05-05 15:26:55 | SMTP: CLIENT -> SERVER: [credentials hidden]
2025-05-05 15:26:55 | SMTP: SERVER -> CLIENT: 235 2.7.0 Accepted

2025-05-05 15:26:55 | SMTP: CLIENT -> SERVER: MAIL FROM:<amirith27@gmail.com>

2025-05-05 15:26:55 | SMTP: SERVER -> CLIENT: 250 2.1.0 OK 41be03b00d2f7-b1fb3c6b6d8sm5487510a12.69 - gsmtp

2025-05-05 15:26:55 | SMTP: CLIENT -> SERVER: RCPT TO:<a193128@siswa.ukm.edu.my>

2025-05-05 15:26:56 | SMTP: SERVER -> CLIENT: 250 2.1.5 OK 41be03b00d2f7-b1fb3c6b6d8sm5487510a12.69 - gsmtp

2025-05-05 15:26:56 | SMTP: CLIENT -> SERVER: DATA

2025-05-05 15:26:56 | SMTP: SERVER -> CLIENT: 354 Go ahead 41be03b00d2f7-b1fb3c6b6d8sm5487510a12.69 - gsmtp

2025-05-05 15:26:56 | SMTP: CLIENT -> SERVER: Date: Mon, 5 May 2025 15:26:53 +0200

2025-05-05 15:26:56 | SMTP: CLIENT -> SERVER: To: Wan Muhammad Ikhwan <a193128@siswa.ukm.edu.my>

2025-05-05 15:26:56 | SMTP: CLIENT -> SERVER: From: ServisX <amirith27@gmail.com>

2025-05-05 15:26:56 | SMTP: CLIENT -> SERVER: Subject: Tempahan Anda (T005)

2025-05-05 15:26:56 | SMTP: CLIENT -> SERVER: Message-ID: <JFWOiGZXCfbXAnuJAcXdF2gZoPuAwUzXvvX3WJvjw@localhost>

2025-05-05 15:26:56 | SMTP: CLIENT -> SERVER: X-Mailer: PHPMailer 6.9.3 (https://github.com/PHPMailer/PHPMailer)

2025-05-05 15:26:56 | SMTP: CLIENT -> SERVER: MIME-Version: 1.0

2025-05-05 15:26:56 | SMTP: CLIENT -> SERVER: Content-Type: text/plain; charset=iso-8859-1

2025-05-05 15:26:56 | SMTP: CLIENT -> SERVER: 

2025-05-05 15:26:56 | SMTP: CLIENT -> SERVER: Hi Wan Muhammad Ikhwan,

2025-05-05 15:26:56 | SMTP: CLIENT -> SERVER: 

2025-05-05 15:26:56 | SMTP: CLIENT -> SERVER: Tempahan anda (T005) telah berjaya dibuat untuk 2025-05-06 pada jam 17:00.

2025-05-05 15:26:56 | SMTP: CLIENT -> SERVER: 

2025-05-05 15:26:56 | SMTP: CLIENT -> SERVER: Sila tunggu pengesahan daripada bengkel.

2025-05-05 15:26:56 | SMTP: CLIENT -> SERVER: 

2025-05-05 15:26:56 | SMTP: CLIENT -> SERVER: Terima kasih,

2025-05-05 15:26:56 | SMTP: CLIENT -> SERVER: ServisX

2025-05-05 15:26:56 | SMTP: CLIENT -> SERVER: 

2025-05-05 15:26:56 | SMTP: CLIENT -> SERVER: .

2025-05-05 15:26:56 | SMTP: SERVER -> CLIENT: 250 2.0.0 OK  1746451617 41be03b00d2f7-b1fb3c6b6d8sm5487510a12.69 - gsmtp

2025-05-05 15:26:56 | SMTP: CLIENT -> SERVER: QUIT

2025-05-05 15:26:57 | SMTP: SERVER -> CLIENT: 221 2.0.0 closing connection 41be03b00d2f7-b1fb3c6b6d8sm5487510a12.69 - gsmtp

2025-05-05 15:26:57 | Email sent to pelanggan: a193128@siswa.ukm.edu.my
2025-05-05 15:26:57 | SMTP: SERVER -> CLIENT: 220 smtp.gmail.com ESMTP 41be03b00d2f7-b1fbc81a1cdsm4219365a12.60 - gsmtp

2025-05-05 15:26:57 | SMTP: CLIENT -> SERVER: EHLO localhost

2025-05-05 15:26:57 | SMTP: SERVER -> CLIENT: 250-smtp.gmail.com at your service, [103.219.236.22]
250-SIZE 35882577
250-8BITMIME
250-STARTTLS
250-ENHANCEDSTATUSCODES
250-PIPELINING
250-CHUNKING
250 SMTPUTF8

2025-05-05 15:26:57 | SMTP: CLIENT -> SERVER: STARTTLS

2025-05-05 15:26:57 | SMTP: SERVER -> CLIENT: 220 2.0.0 Ready to start TLS

2025-05-05 15:26:58 | SMTP: CLIENT -> SERVER: EHLO localhost

2025-05-05 15:26:58 | SMTP: SERVER -> CLIENT: 250-smtp.gmail.com at your service, [103.219.236.22]
250-SIZE 35882577
250-8BITMIME
250-AUTH LOGIN PLAIN XOAUTH2 PLAIN-CLIENTTOKEN OAUTHBEARER XOAUTH
250-ENHANCEDSTATUSCODES
250-PIPELINING
250-CHUNKING
250 SMTPUTF8

2025-05-05 15:26:58 | SMTP: CLIENT -> SERVER: AUTH LOGIN

2025-05-05 15:26:58 | SMTP: SERVER -> CLIENT: 334 VXNlcm5hbWU6

2025-05-05 15:26:58 | SMTP: CLIENT -> SERVER: [credentials hidden]
2025-05-05 15:26:58 | SMTP: SERVER -> CLIENT: 334 UGFzc3dvcmQ6

2025-05-05 15:26:58 | SMTP: CLIENT -> SERVER: [credentials hidden]
2025-05-05 15:26:58 | SMTP: SERVER -> CLIENT: 235 2.7.0 Accepted

2025-05-05 15:26:58 | SMTP: CLIENT -> SERVER: MAIL FROM:<amirith27@gmail.com>

2025-05-05 15:26:59 | SMTP: SERVER -> CLIENT: 250 2.1.0 OK 41be03b00d2f7-b1fbc81a1cdsm4219365a12.60 - gsmtp

2025-05-05 15:26:59 | SMTP: CLIENT -> SERVER: RCPT TO:<bengkel1@gmail.com>

2025-05-05 15:26:59 | SMTP: SERVER -> CLIENT: 250 2.1.5 OK 41be03b00d2f7-b1fbc81a1cdsm4219365a12.60 - gsmtp

2025-05-05 15:26:59 | SMTP: CLIENT -> SERVER: DATA

2025-05-05 15:26:59 | SMTP: SERVER -> CLIENT: 354 Go ahead 41be03b00d2f7-b1fbc81a1cdsm4219365a12.60 - gsmtp

2025-05-05 15:26:59 | SMTP: CLIENT -> SERVER: Date: Mon, 5 May 2025 15:26:57 +0200

2025-05-05 15:26:59 | SMTP: CLIENT -> SERVER: To: Bengkel Ikhwan <bengkel1@gmail.com>

2025-05-05 15:26:59 | SMTP: CLIENT -> SERVER: From: ServisX <amirith27@gmail.com>

2025-05-05 15:26:59 | SMTP: CLIENT -> SERVER: Subject: Tempahan Baru dari Wan Muhammad Ikhwan (T005)

2025-05-05 15:26:59 | SMTP: CLIENT -> SERVER: Message-ID: <JYeAqqqkEVY4YDDz6h46rM17Ajcglt8h0Dd9plu10A@localhost>

2025-05-05 15:26:59 | SMTP: CLIENT -> SERVER: X-Mailer: PHPMailer 6.9.3 (https://github.com/PHPMailer/PHPMailer)

2025-05-05 15:26:59 | SMTP: CLIENT -> SERVER: MIME-Version: 1.0

2025-05-05 15:26:59 | SMTP: CLIENT -> SERVER: Content-Type: text/plain; charset=iso-8859-1

2025-05-05 15:26:59 | SMTP: CLIENT -> SERVER: 

2025-05-05 15:26:59 | SMTP: CLIENT -> SERVER: Hai Bengkel Ikhwan,

2025-05-05 15:26:59 | SMTP: CLIENT -> SERVER: 

2025-05-05 15:26:59 | SMTP: CLIENT -> SERVER: Anda menerima tempahan baru (T005) dari Wan Muhammad Ikhwan untuk 2025-05-06 pada jam 17:00.

2025-05-05 15:26:59 | SMTP: CLIENT -> SERVER: 

2025-05-05 15:26:59 | SMTP: CLIENT -> SERVER: Sila semak sistem untuk mengesahkan tempahan.

2025-05-05 15:26:59 | SMTP: CLIENT -> SERVER: 

2025-05-05 15:26:59 | SMTP: CLIENT -> SERVER: Terima kasih,

2025-05-05 15:26:59 | SMTP: CLIENT -> SERVER: ServisX

2025-05-05 15:26:59 | SMTP: CLIENT -> SERVER: 

2025-05-05 15:26:59 | SMTP: CLIENT -> SERVER: .

2025-05-05 15:27:00 | SMTP: SERVER -> CLIENT: 250 2.0.0 OK  1746451620 41be03b00d2f7-b1fbc81a1cdsm4219365a12.60 - gsmtp

2025-05-05 15:27:00 | SMTP: CLIENT -> SERVER: QUIT

2025-05-05 15:27:00 | SMTP: SERVER -> CLIENT: 221 2.0.0 closing connection 41be03b00d2f7-b1fbc81a1cdsm4219365a12.60 - gsmtp

2025-05-05 15:27:00 | Email sent to bengkel: bengkel1@gmail.com
2025-05-06 05:40:39 | Form submitted
2025-05-06 05:40:39 | Name: Wan Muhammad Ikhwan 
2025-05-06 05:40:39 | Email: a193128@siswa.ukm.edu.my
2025-05-06 05:40:39 | Workshop ID: B003
2025-05-06 05:40:39 | Message: test
2025-05-06 05:40:39 | Retrieved bengkel email: bengkel1@gmail.com
2025-05-06 05:40:40 | SMTP: SERVER -> CLIENT: 220 smtp.gmail.com ESMTP 41be03b00d2f7-b1fb3b7ceaasm5318133a12.41 - gsmtp

2025-05-06 05:40:40 | SMTP: CLIENT -> SERVER: EHLO localhost

2025-05-06 05:40:40 | SMTP: SERVER -> CLIENT: 250-smtp.gmail.com at your service, [103.219.236.15]
250-SIZE 35882577
250-8BITMIME
250-STARTTLS
250-ENHANCEDSTATUSCODES
250-PIPELINING
250-CHUNKING
250 SMTPUTF8

2025-05-06 05:40:40 | SMTP: CLIENT -> SERVER: STARTTLS

2025-05-06 05:40:40 | SMTP: SERVER -> CLIENT: 220 2.0.0 Ready to start TLS

2025-05-06 05:40:40 | SMTP: CLIENT -> SERVER: EHLO localhost

2025-05-06 05:40:41 | SMTP: SERVER -> CLIENT: 250-smtp.gmail.com at your service, [103.219.236.15]
250-SIZE 35882577
250-8BITMIME
250-AUTH LOGIN PLAIN XOAUTH2 PLAIN-CLIENTTOKEN OAUTHBEARER XOAUTH
250-ENHANCEDSTATUSCODES
250-PIPELINING
250-CHUNKING
250 SMTPUTF8

2025-05-06 05:40:41 | SMTP: CLIENT -> SERVER: AUTH LOGIN

2025-05-06 05:40:41 | SMTP: SERVER -> CLIENT: 334 VXNlcm5hbWU6

2025-05-06 05:40:41 | SMTP: CLIENT -> SERVER: [credentials hidden]
2025-05-06 05:40:41 | SMTP: SERVER -> CLIENT: 334 UGFzc3dvcmQ6

2025-05-06 05:40:41 | SMTP: CLIENT -> SERVER: [credentials hidden]
2025-05-06 05:40:41 | SMTP: SERVER -> CLIENT: 235 2.7.0 Accepted

2025-05-06 05:40:41 | SMTP: CLIENT -> SERVER: MAIL FROM:<amirith27@gmail.com>

2025-05-06 05:40:41 | SMTP: SERVER -> CLIENT: 250 2.1.0 OK 41be03b00d2f7-b1fb3b7ceaasm5318133a12.41 - gsmtp

2025-05-06 05:40:41 | SMTP: CLIENT -> SERVER: RCPT TO:<bengkel1@gmail.com>

2025-05-06 05:40:42 | SMTP: SERVER -> CLIENT: 250 2.1.5 OK 41be03b00d2f7-b1fb3b7ceaasm5318133a12.41 - gsmtp

2025-05-06 05:40:42 | SMTP: CLIENT -> SERVER: DATA

2025-05-06 05:40:42 | SMTP: SERVER -> CLIENT: 354 Go ahead 41be03b00d2f7-b1fb3b7ceaasm5318133a12.41 - gsmtp

2025-05-06 05:40:42 | SMTP: CLIENT -> SERVER: Date: Tue, 6 May 2025 05:40:39 +0200

2025-05-06 05:40:42 | SMTP: CLIENT -> SERVER: To: bengkel1@gmail.com

2025-05-06 05:40:42 | SMTP: CLIENT -> SERVER: From: Customer Service Servis-X <amirith27@gmail.com>

2025-05-06 05:40:42 | SMTP: CLIENT -> SERVER: Reply-To: Wan Muhammad Ikhwan <a193128@siswa.ukm.edu.my>

2025-05-06 05:40:42 | SMTP: CLIENT -> SERVER: Subject: Pertanyaan dari Pelanggan: Wan Muhammad Ikhwan

2025-05-06 05:40:42 | SMTP: CLIENT -> SERVER: Message-ID: <mhZBKYBTKUBgETuvuYqfWNZqqJ4uySZZAGN8QzWYN8@localhost>

2025-05-06 05:40:42 | SMTP: CLIENT -> SERVER: X-Mailer: PHPMailer 6.9.3 (https://github.com/PHPMailer/PHPMailer)

2025-05-06 05:40:42 | SMTP: CLIENT -> SERVER: MIME-Version: 1.0

2025-05-06 05:40:42 | SMTP: CLIENT -> SERVER: Content-Type: text/plain; charset=iso-8859-1

2025-05-06 05:40:42 | SMTP: CLIENT -> SERVER: 

2025-05-06 05:40:42 | SMTP: CLIENT -> SERVER: Nama: Wan Muhammad Ikhwan 

2025-05-06 05:40:42 | SMTP: CLIENT -> SERVER: Emel Pelanggan: a193128@siswa.ukm.edu.my

2025-05-06 05:40:42 | SMTP: CLIENT -> SERVER: 

2025-05-06 05:40:42 | SMTP: CLIENT -> SERVER: Mesej:

2025-05-06 05:40:42 | SMTP: CLIENT -> SERVER: test

2025-05-06 05:40:42 | SMTP: CLIENT -> SERVER: 

2025-05-06 05:40:42 | SMTP: CLIENT -> SERVER: .

2025-05-06 05:40:43 | SMTP: SERVER -> CLIENT: 250 2.0.0 OK  1746502843 41be03b00d2f7-b1fb3b7ceaasm5318133a12.41 - gsmtp

2025-05-06 05:40:43 | SMTP: CLIENT -> SERVER: QUIT

2025-05-06 05:40:43 | SMTP: SERVER -> CLIENT: 221 2.0.0 closing connection 41be03b00d2f7-b1fb3b7ceaasm5318133a12.41 - gsmtp

2025-05-06 05:40:43 | Email sent successfully
2025-05-06 05:41:51 | Booking email to: a193128@siswa.ukm.edu.my & bengkel1@gmail.com
2025-05-06 05:41:51 | SMTP: SERVER -> CLIENT: 220 smtp.gmail.com ESMTP d2e1a72fcca58-7405905d4b2sm7972133b3a.132 - gsmtp

2025-05-06 05:41:51 | SMTP: CLIENT -> SERVER: EHLO localhost

2025-05-06 05:41:52 | SMTP: SERVER -> CLIENT: 250-smtp.gmail.com at your service, [103.219.236.15]
250-SIZE 35882577
250-8BITMIME
250-STARTTLS
250-ENHANCEDSTATUSCODES
250-PIPELINING
250-CHUNKING
250 SMTPUTF8

2025-05-06 05:41:52 | SMTP: CLIENT -> SERVER: STARTTLS

2025-05-06 05:41:52 | SMTP: SERVER -> CLIENT: 220 2.0.0 Ready to start TLS

2025-05-06 05:41:52 | SMTP: CLIENT -> SERVER: EHLO localhost

2025-05-06 05:41:52 | SMTP: SERVER -> CLIENT: 250-smtp.gmail.com at your service, [103.219.236.15]
250-SIZE 35882577
250-8BITMIME
250-AUTH LOGIN PLAIN XOAUTH2 PLAIN-CLIENTTOKEN OAUTHBEARER XOAUTH
250-ENHANCEDSTATUSCODES
250-PIPELINING
250-CHUNKING
250 SMTPUTF8

2025-05-06 05:41:52 | SMTP: CLIENT -> SERVER: AUTH LOGIN

2025-05-06 05:41:52 | SMTP: SERVER -> CLIENT: 334 VXNlcm5hbWU6

2025-05-06 05:41:52 | SMTP: CLIENT -> SERVER: [credentials hidden]
2025-05-06 05:41:52 | SMTP: SERVER -> CLIENT: 334 UGFzc3dvcmQ6

2025-05-06 05:41:52 | SMTP: CLIENT -> SERVER: [credentials hidden]
2025-05-06 05:41:53 | SMTP: SERVER -> CLIENT: 235 2.7.0 Accepted

2025-05-06 05:41:53 | SMTP: CLIENT -> SERVER: MAIL FROM:<amirith27@gmail.com>

2025-05-06 05:41:53 | SMTP: SERVER -> CLIENT: 250 2.1.0 OK d2e1a72fcca58-7405905d4b2sm7972133b3a.132 - gsmtp

2025-05-06 05:41:53 | SMTP: CLIENT -> SERVER: RCPT TO:<a193128@siswa.ukm.edu.my>

2025-05-06 05:41:53 | SMTP: SERVER -> CLIENT: 250 2.1.5 OK d2e1a72fcca58-7405905d4b2sm7972133b3a.132 - gsmtp

2025-05-06 05:41:53 | SMTP: CLIENT -> SERVER: DATA

2025-05-06 05:41:53 | SMTP: SERVER -> CLIENT: 354 Go ahead d2e1a72fcca58-7405905d4b2sm7972133b3a.132 - gsmtp

2025-05-06 05:41:53 | SMTP: CLIENT -> SERVER: Date: Tue, 6 May 2025 05:41:51 +0200

2025-05-06 05:41:53 | SMTP: CLIENT -> SERVER: To: Wan Muhammad Ikhwan <a193128@siswa.ukm.edu.my>

2025-05-06 05:41:53 | SMTP: CLIENT -> SERVER: From: ServisX <amirith27@gmail.com>

2025-05-06 05:41:53 | SMTP: CLIENT -> SERVER: Subject: Tempahan Anda (T006)

2025-05-06 05:41:53 | SMTP: CLIENT -> SERVER: Message-ID: <A14kEw3yGGgjrePXgXCSE9Pm1h17DvdNi7CPDobZI0@localhost>

2025-05-06 05:41:53 | SMTP: CLIENT -> SERVER: X-Mailer: PHPMailer 6.9.3 (https://github.com/PHPMailer/PHPMailer)

2025-05-06 05:41:53 | SMTP: CLIENT -> SERVER: MIME-Version: 1.0

2025-05-06 05:41:53 | SMTP: CLIENT -> SERVER: Content-Type: text/plain; charset=iso-8859-1

2025-05-06 05:41:53 | SMTP: CLIENT -> SERVER: 

2025-05-06 05:41:53 | SMTP: CLIENT -> SERVER: Hi Wan Muhammad Ikhwan,

2025-05-06 05:41:53 | SMTP: CLIENT -> SERVER: 

2025-05-06 05:41:53 | SMTP: CLIENT -> SERVER: Tempahan anda (T006) telah berjaya dibuat untuk 2025-05-07 pada jam 17:00.

2025-05-06 05:41:53 | SMTP: CLIENT -> SERVER: 

2025-05-06 05:41:53 | SMTP: CLIENT -> SERVER: Sila tunggu pengesahan daripada bengkel.

2025-05-06 05:41:53 | SMTP: CLIENT -> SERVER: 

2025-05-06 05:41:53 | SMTP: CLIENT -> SERVER: Terima kasih,

2025-05-06 05:41:53 | SMTP: CLIENT -> SERVER: ServisX

2025-05-06 05:41:53 | SMTP: CLIENT -> SERVER: 

2025-05-06 05:41:53 | SMTP: CLIENT -> SERVER: .

2025-05-06 05:41:54 | SMTP: SERVER -> CLIENT: 250 2.0.0 OK  1746502914 d2e1a72fcca58-7405905d4b2sm7972133b3a.132 - gsmtp

2025-05-06 05:41:54 | SMTP: CLIENT -> SERVER: QUIT

2025-05-06 05:41:54 | SMTP: SERVER -> CLIENT: 221 2.0.0 closing connection d2e1a72fcca58-7405905d4b2sm7972133b3a.132 - gsmtp

2025-05-06 05:41:54 | Email sent to pelanggan: a193128@siswa.ukm.edu.my
2025-05-06 05:41:54 | SMTP: SERVER -> CLIENT: 220 smtp.gmail.com ESMTP d2e1a72fcca58-74058d7adbesm8024305b3a.19 - gsmtp

2025-05-06 05:41:54 | SMTP: CLIENT -> SERVER: EHLO localhost

2025-05-06 05:41:55 | SMTP: SERVER -> CLIENT: 250-smtp.gmail.com at your service, [103.219.236.15]
250-SIZE 35882577
250-8BITMIME
250-STARTTLS
250-ENHANCEDSTATUSCODES
250-PIPELINING
250-CHUNKING
250 SMTPUTF8

2025-05-06 05:41:55 | SMTP: CLIENT -> SERVER: STARTTLS

2025-05-06 05:41:55 | SMTP: SERVER -> CLIENT: 220 2.0.0 Ready to start TLS

2025-05-06 05:41:55 | SMTP: CLIENT -> SERVER: EHLO localhost

2025-05-06 05:41:55 | SMTP: SERVER -> CLIENT: 250-smtp.gmail.com at your service, [103.219.236.15]
250-SIZE 35882577
250-8BITMIME
250-AUTH LOGIN PLAIN XOAUTH2 PLAIN-CLIENTTOKEN OAUTHBEARER XOAUTH
250-ENHANCEDSTATUSCODES
250-PIPELINING
250-CHUNKING
250 SMTPUTF8

2025-05-06 05:41:55 | SMTP: CLIENT -> SERVER: AUTH LOGIN

2025-05-06 05:41:55 | SMTP: SERVER -> CLIENT: 334 VXNlcm5hbWU6

2025-05-06 05:41:55 | SMTP: CLIENT -> SERVER: [credentials hidden]
2025-05-06 05:41:55 | SMTP: SERVER -> CLIENT: 334 UGFzc3dvcmQ6

2025-05-06 05:41:55 | SMTP: CLIENT -> SERVER: [credentials hidden]
2025-05-06 05:41:56 | SMTP: SERVER -> CLIENT: 235 2.7.0 Accepted

2025-05-06 05:41:56 | SMTP: CLIENT -> SERVER: MAIL FROM:<amirith27@gmail.com>

2025-05-06 05:41:56 | SMTP: SERVER -> CLIENT: 250 2.1.0 OK d2e1a72fcca58-74058d7adbesm8024305b3a.19 - gsmtp

2025-05-06 05:41:56 | SMTP: CLIENT -> SERVER: RCPT TO:<bengkel1@gmail.com>

2025-05-06 05:41:56 | SMTP: SERVER -> CLIENT: 250 2.1.5 OK d2e1a72fcca58-74058d7adbesm8024305b3a.19 - gsmtp

2025-05-06 05:41:56 | SMTP: CLIENT -> SERVER: DATA

2025-05-06 05:41:56 | SMTP: SERVER -> CLIENT: 354 Go ahead d2e1a72fcca58-74058d7adbesm8024305b3a.19 - gsmtp

2025-05-06 05:41:56 | SMTP: CLIENT -> SERVER: Date: Tue, 6 May 2025 05:41:54 +0200

2025-05-06 05:41:56 | SMTP: CLIENT -> SERVER: To: Bengkel Ikhwan <bengkel1@gmail.com>

2025-05-06 05:41:56 | SMTP: CLIENT -> SERVER: From: ServisX <amirith27@gmail.com>

2025-05-06 05:41:56 | SMTP: CLIENT -> SERVER: Subject: Tempahan Baru dari Wan Muhammad Ikhwan (T006)

2025-05-06 05:41:56 | SMTP: CLIENT -> SERVER: Message-ID: <9shsz6Gn0AKnSZUj0eFp1wi0cN63DIOOeDAiH5iX04s@localhost>

2025-05-06 05:41:56 | SMTP: CLIENT -> SERVER: X-Mailer: PHPMailer 6.9.3 (https://github.com/PHPMailer/PHPMailer)

2025-05-06 05:41:56 | SMTP: CLIENT -> SERVER: MIME-Version: 1.0

2025-05-06 05:41:56 | SMTP: CLIENT -> SERVER: Content-Type: text/plain; charset=iso-8859-1

2025-05-06 05:41:56 | SMTP: CLIENT -> SERVER: 

2025-05-06 05:41:56 | SMTP: CLIENT -> SERVER: Hai Bengkel Ikhwan,

2025-05-06 05:41:56 | SMTP: CLIENT -> SERVER: 

2025-05-06 05:41:56 | SMTP: CLIENT -> SERVER: Anda menerima tempahan baru (T006) dari Wan Muhammad Ikhwan untuk 2025-05-07 pada jam 17:00.

2025-05-06 05:41:56 | SMTP: CLIENT -> SERVER: 

2025-05-06 05:41:56 | SMTP: CLIENT -> SERVER: Sila semak sistem untuk mengesahkan tempahan.

2025-05-06 05:41:56 | SMTP: CLIENT -> SERVER: 

2025-05-06 05:41:56 | SMTP: CLIENT -> SERVER: Terima kasih,

2025-05-06 05:41:56 | SMTP: CLIENT -> SERVER: ServisX

2025-05-06 05:41:56 | SMTP: CLIENT -> SERVER: 

2025-05-06 05:41:56 | SMTP: CLIENT -> SERVER: .

2025-05-06 05:41:57 | SMTP: SERVER -> CLIENT: 250 2.0.0 OK  1746502917 d2e1a72fcca58-74058d7adbesm8024305b3a.19 - gsmtp

2025-05-06 05:41:57 | SMTP: CLIENT -> SERVER: QUIT

2025-05-06 05:41:57 | SMTP: SERVER -> CLIENT: 221 2.0.0 closing connection d2e1a72fcca58-74058d7adbesm8024305b3a.19 - gsmtp

2025-05-06 05:41:57 | Email sent to bengkel: bengkel1@gmail.com
